<?xml version="1.0" encoding="UTF-8"?>
<!-- Generated by org.testng.reporters.JUnitXMLReporter -->
<testsuite hostname="Macs-MacBook-Air.local" ignored="0" tests="0" failures="0" timestamp="05 Dec 2019 18:27:21 GMT" time="0.048" errors="0">
  <testcase name="@BeforeTest setup" time="0.0" classname="testrunner.TestRunnerSearch">
    <failure type="org.testng.TestNGException" message="
Parameter &amp;apos;browser&amp;apos; is required by BeforeTest on method setup but has not been marked @Optional or defined
">
      <![CDATA[org.testng.TestNGException: 
Parameter 'browser' is required by BeforeTest on method setup but has not been marked @Optional or defined

... Removed 31 stack frames]]>
    </failure>
  </testcase> <!-- @BeforeTest setup -->
</testsuite>
