{"name":"Customer can login successfully with valid User Email and Password","id":"verify-login-features;customer-can-login-successfully-with-valid-user-email-and-password","testSteps":[{"number":1,"description":"Given I open Login Page","duration":11358,"startTime":"2019-12-09T12:49:41.079+07:00[Asia/Ho_Chi_Minh]","result":"SUCCESS","precondition":false,"level":0},{"number":2,"description":"Then I verify Login Page loaded successfully","duration":12,"startTime":"2019-12-09T12:49:52.438+07:00[Asia/Ho_Chi_Minh]","result":"SUCCESS","precondition":false,"level":0},{"number":3,"description":"When I enter User Email \u003d \"$validUserEmail\"","duration":3059,"startTime":"2019-12-09T12:49:52.451+07:00[Asia/Ho_Chi_Minh]","screenshots":[{"screenshot":"c936322e76c7261a0a1c1cbaeab0abb39b59d56b57a87ea5d117c12f9166891e.png","timeStamp":1575870595510}],"result":"SUCCESS","precondition":false,"level":0},{"number":4,"description":"And I click on Login button","duration":15163,"startTime":"2019-12-09T12:49:55.511+07:00[Asia/Ho_Chi_Minh]","screenshots":[{"screenshot":"c936322e76c7261a0a1c1cbaeab0abb39b59d56b57a87ea5d117c12f9166891e.png","timeStamp":1575870610673}],"result":"SUCCESS","precondition":false,"level":0},{"number":5,"description":"And I enter User Password \u003d \"$validPassword\"","duration":12716,"startTime":"2019-12-09T12:50:10.677+07:00[Asia/Ho_Chi_Minh]","screenshots":[{"screenshot":"c936322e76c7261a0a1c1cbaeab0abb39b59d56b57a87ea5d117c12f9166891e.png","timeStamp":1575870610681}],"exception":{"errorType":"net.thucydides.core.webdriver.exceptions.ElementShouldBePresentException","message":"Expected condition failed: waiting for LoginPage.txtPwd to be present (tried for 5 second(s) with 100 milliseconds interval)\nBuild info: version: \u00273.141.59\u0027, revision: \u0027e82be7d358\u0027, time: \u00272018-11-14T08:17:03\u0027\nSystem info: host: \u0027Macs-MacBook-Air.local\u0027, ip: \u0027fe80:0:0:0:88b:c5e7:28bd:8ff4%en0\u0027, os.name: \u0027Mac OS X\u0027, os.arch: \u0027x86_64\u0027, os.version: \u002710.14.6\u0027, java.version: \u00271.8.0_232\u0027\nDriver info: driver.version: unknown\nBuild info: version: \u00273.141.59\u0027, revision: \u0027e82be7d358\u0027, time: \u00272018-11-14T08:17:03\u0027\nSystem info: host: \u0027Macs-MacBook-Air.local\u0027, ip: \u0027fe80:0:0:0:88b:c5e7:28bd:8ff4%en0\u0027, os.name: \u0027Mac OS X\u0027, os.arch: \u0027x86_64\u0027, os.version: \u002710.14.6\u0027, java.version: \u00271.8.0_232\u0027\nDriver info: driver.version: unknown","stackTrace":[{"declaringClass":"util.ElementUtils","methodName":"waitElementPresent","fileName":"ElementUtils.java","lineNumber":116},{"declaringClass":"pages.LoginPage","methodName":"fillPwd","fileName":"LoginPage.java","lineNumber":47},{"declaringClass":"stepdefs.LoginStepDefs","methodName":"iEnterUserPwd","fileName":"LoginStepDefs.java","lineNumber":57},{"declaringClass":"âœ½","methodName":"I enter User Password \u003d \"$validPassword\"","fileName":"features/Login.feature","lineNumber":16}]},"result":"FAILURE","precondition":false,"level":0,"children":[{"number":6,"description":"Fill pwd: nvg07072012","duration":558,"startTime":"2019-12-09T12:50:22.817+07:00[Asia/Ho_Chi_Minh]","screenshots":[{"screenshot":"c936322e76c7261a0a1c1cbaeab0abb39b59d56b57a87ea5d117c12f9166891e.png","htmlSource":"pagesource3649777293906026771.html.txt","timeStamp":1575870623359}],"exception":{"errorType":"net.thucydides.core.webdriver.exceptions.ElementShouldBePresentException","message":"Expected condition failed: waiting for LoginPage.txtPwd to be present (tried for 5 second(s) with 100 milliseconds interval)\nBuild info: version: \u00273.141.59\u0027, revision: \u0027e82be7d358\u0027, time: \u00272018-11-14T08:17:03\u0027\nSystem info: host: \u0027Macs-MacBook-Air.local\u0027, ip: \u0027fe80:0:0:0:88b:c5e7:28bd:8ff4%en0\u0027, os.name: \u0027Mac OS X\u0027, os.arch: \u0027x86_64\u0027, os.version: \u002710.14.6\u0027, java.version: \u00271.8.0_232\u0027\nDriver info: driver.version: unknown","stackTrace":[{"declaringClass":"util.ElementUtils","methodName":"waitElementPresent","fileName":"ElementUtils.java","lineNumber":116},{"declaringClass":"pages.LoginPage","methodName":"fillPwd","fileName":"LoginPage.java","lineNumber":47},{"declaringClass":"stepdefs.LoginStepDefs","methodName":"iEnterUserPwd","fileName":"LoginStepDefs.java","lineNumber":57},{"declaringClass":"cucumber.runner.Runner","methodName":"runPickle","fileName":"Runner.java","lineNumber":80}],"rootCause":{"errorType":"org.openqa.selenium.TimeoutException","message":"Expected condition failed: waiting for LoginPage.txtPwd to be present (tried for 5 second(s) with 100 milliseconds interval)\nBuild info: version: \u00273.141.59\u0027, revision: \u0027e82be7d358\u0027, time: \u00272018-11-14T08:17:03\u0027\nSystem info: host: \u0027Macs-MacBook-Air.local\u0027, ip: \u0027fe80:0:0:0:88b:c5e7:28bd:8ff4%en0\u0027, os.name: \u0027Mac OS X\u0027, os.arch: \u0027x86_64\u0027, os.version: \u002710.14.6\u0027, java.version: \u00271.8.0_232\u0027\nDriver info: driver.version: unknown","stackTrace":[{"declaringClass":"util.ElementUtils","methodName":"waitElementPresent","fileName":"ElementUtils.java","lineNumber":116},{"declaringClass":"pages.LoginPage","methodName":"fillPwd","fileName":"LoginPage.java","lineNumber":47},{"declaringClass":"stepdefs.LoginStepDefs","methodName":"iEnterUserPwd","fileName":"LoginStepDefs.java","lineNumber":57},{"declaringClass":"cucumber.runner.Runner","methodName":"runPickle","fileName":"Runner.java","lineNumber":80}]}},"result":"FAILURE","precondition":false,"level":1}]},{"number":7,"description":"Then I verify User Name displayed correctly at Home Page","duration":4,"startTime":"2019-12-09T12:50:23.394+07:00[Asia/Ho_Chi_Minh]","result":"SKIPPED","precondition":false,"level":0}],"userStory":{"id":"verify-login-features","storyName":"Verify Login Features","path":"features/Login.feature","type":"feature"},"featureTag":{"name":"Features/Verify Login Features","type":"feature","displayName":"Features/Verify Login Features"},"title":"Customer can login successfully with valid User Email and Password","backgroundTitle":"Open Login Page","backgroundDescription":"","tags":[{"name":"Verify Login Features","type":"feature","displayName":"Verify Login Features"},{"name":"Login-feature","type":"tag","displayName":"Login-feature"},{"name":"LoginPage-LoginSuccessfully-Scenarios","type":"tag","displayName":"LoginPage-LoginSuccessfully-Scenarios"}],"startTime":"2019-12-09T12:49:38.426+07:00[Asia/Ho_Chi_Minh]","duration":45235,"testFailureCause":{"errorType":"net.thucydides.core.webdriver.exceptions.ElementShouldBePresentException","message":"Expected condition failed: waiting for LoginPage.txtPwd to be present (tried for 5 second(s) with 100 milliseconds interval)\nBuild info: version: \u00273.141.59\u0027, revision: \u0027e82be7d358\u0027, time: \u00272018-11-14T08:17:03\u0027\nSystem info: host: \u0027Macs-MacBook-Air.local\u0027, ip: \u0027fe80:0:0:0:88b:c5e7:28bd:8ff4%en0\u0027, os.name: \u0027Mac OS X\u0027, os.arch: \u0027x86_64\u0027, os.version: \u002710.14.6\u0027, java.version: \u00271.8.0_232\u0027\nDriver info: driver.version: unknown","stackTrace":[{"declaringClass":"util.ElementUtils","methodName":"waitElementPresent","fileName":"ElementUtils.java","lineNumber":116},{"declaringClass":"pages.LoginPage","methodName":"fillPwd","fileName":"LoginPage.java","lineNumber":47},{"declaringClass":"stepdefs.LoginStepDefs","methodName":"iEnterUserPwd","fileName":"LoginStepDefs.java","lineNumber":57},{"declaringClass":"cucumber.runner.Runner","methodName":"runPickle","fileName":"Runner.java","lineNumber":80}],"rootCause":{"errorType":"org.openqa.selenium.TimeoutException","message":"Expected condition failed: waiting for LoginPage.txtPwd to be present (tried for 5 second(s) with 100 milliseconds interval)\nBuild info: version: \u00273.141.59\u0027, revision: \u0027e82be7d358\u0027, time: \u00272018-11-14T08:17:03\u0027\nSystem info: host: \u0027Macs-MacBook-Air.local\u0027, ip: \u0027fe80:0:0:0:88b:c5e7:28bd:8ff4%en0\u0027, os.name: \u0027Mac OS X\u0027, os.arch: \u0027x86_64\u0027, os.version: \u002710.14.6\u0027, java.version: \u00271.8.0_232\u0027\nDriver info: driver.version: unknown","stackTrace":[{"declaringClass":"util.ElementUtils","methodName":"waitElementPresent","fileName":"ElementUtils.java","lineNumber":116},{"declaringClass":"pages.LoginPage","methodName":"fillPwd","fileName":"LoginPage.java","lineNumber":47},{"declaringClass":"stepdefs.LoginStepDefs","methodName":"iEnterUserPwd","fileName":"LoginStepDefs.java","lineNumber":57},{"declaringClass":"cucumber.runner.Runner","methodName":"runPickle","fileName":"Runner.java","lineNumber":80}]}},"testFailureClassname":"net.thucydides.core.webdriver.exceptions.ElementShouldBePresentException","testFailureMessage":"Expected condition failed: waiting for LoginPage.txtPwd to be present (tried for 5 second(s) with 100 milliseconds interval)\nBuild info: version: \u00273.141.59\u0027, revision: \u0027e82be7d358\u0027, time: \u00272018-11-14T08:17:03\u0027\nSystem info: host: \u0027Macs-MacBook-Air.local\u0027, ip: \u0027fe80:0:0:0:88b:c5e7:28bd:8ff4%en0\u0027, os.name: \u0027Mac OS X\u0027, os.arch: \u0027x86_64\u0027, os.version: \u002710.14.6\u0027, java.version: \u00271.8.0_232\u0027\nDriver info: driver.version: unknown","testFailureSummary":"FAILURE;net.thucydides.core.webdriver.exceptions.ElementShouldBePresentException;Expected condition failed: waiting for LoginPage.txtPwd to be present (tried for 5 second(s) with 100 milliseconds interval)\nBuild info: version: \u00273.141.59\u0027, revision: \u0027e82be7d358\u0027, time: \u00272018-11-14T08:17:03\u0027\nSystem info: host: \u0027Macs-MacBook-Air.local\u0027, ip: \u0027fe80:0:0:0:88b:c5e7:28bd:8ff4%en0\u0027, os.name: \u0027Mac OS X\u0027, os.arch: \u0027x86_64\u0027, os.version: \u002710.14.6\u0027, java.version: \u00271.8.0_232\u0027\nDriver info: driver.version: unknown;ElementUtils.java","projectKey":"","annotatedResult":"FAILURE","driver":"chrome","isManualTestingUpToDate":false,"manual":false,"testSource":"Cucumber","result":"FAILURE"}